<?xml version="1.0" encoding="UTF-8"?>
<!-- Generated by org.testng.reporters.JUnitXMLReporter -->
<testsuite ignored="0" hostname="LAPTOP-H8BM8J34" failures="0" tests="7" name="Test" time="0.066" errors="0" timestamp="2023-01-03T21:29:42 IST">
  <testcase classname="Test_Demo.Test01" name="Test1" time="0.006"/>
  <testcase classname="Test_Demo.TestNG_class" name="m1" time="0.001"/>
  <testcase classname="Test_Demo.TestNG_class" name="m2" time="0.001"/>
  <testcase classname="Test_Demo.TestNG_class" name="m3" time="0.001"/>
  <testcase classname="Test_Demo.TestNG_demo02" name="test1" time="0.001"/>
  <testcase classname="Test_Demo.TestNG_demo02" name="test2" time="0.002"/>
  <testcase classname="Test_Demo.TestNG_demo02" name="test3" time="0.001"/>
</testsuite> <!-- Test -->
