<?xml version="1.0" encoding="UTF-8"?>
<testng-results ignored="0" total="2" passed="2" failed="0" skipped="0">
  <reporter-output>
  </reporter-output>
  <suite started-at="2023-01-24T23:35:41 IST" name="Default suite" finished-at="2023-01-24T23:35:54 IST" duration-ms="13052">
    <groups>
    </groups>
    <test started-at="2023-01-24T23:35:41 IST" name="Default test" finished-at="2023-01-24T23:35:54 IST" duration-ms="13052">
      <class name="PomRepo01.LoginTest">
        <test-method is-config="true" signature="setUp()[pri:0, instance:PomRepo01.LoginTest@618425b5]" started-at="2023-01-24T23:35:41 IST" name="setUp" finished-at="2023-01-24T23:35:48 IST" duration-ms="6902" status="PASS">
          <reporter-output>
          </reporter-output>
        </test-method> <!-- setUp -->
        <test-method signature="verifyLoginInvalid()[pri:0, instance:PomRepo01.LoginTest@618425b5]" started-at="2023-01-24T23:35:48 IST" name="verifyLoginInvalid" finished-at="2023-01-24T23:35:49 IST" duration-ms="644" status="PASS">
          <reporter-output>
          </reporter-output>
        </test-method> <!-- verifyLoginInvalid -->
        <test-method is-config="true" signature="close()[pri:0, instance:PomRepo01.LoginTest@618425b5]" started-at="2023-01-24T23:35:49 IST" name="close" finished-at="2023-01-24T23:35:49 IST" duration-ms="365" status="PASS">
          <reporter-output>
          </reporter-output>
        </test-method> <!-- close -->
        <test-method is-config="true" signature="setUp()[pri:0, instance:PomRepo01.LoginTest@618425b5]" started-at="2023-01-24T23:35:49 IST" name="setUp" finished-at="2023-01-24T23:35:54 IST" duration-ms="4232" status="PASS">
          <reporter-output>
          </reporter-output>
        </test-method> <!-- setUp -->
        <test-method signature="verifyLoginValid()[pri:0, instance:PomRepo01.LoginTest@618425b5]" started-at="2023-01-24T23:35:54 IST" name="verifyLoginValid" finished-at="2023-01-24T23:35:54 IST" duration-ms="550" status="PASS">
          <reporter-output>
          </reporter-output>
        </test-method> <!-- verifyLoginValid -->
        <test-method is-config="true" signature="close()[pri:0, instance:PomRepo01.LoginTest@618425b5]" started-at="2023-01-24T23:35:54 IST" name="close" finished-at="2023-01-24T23:35:54 IST" duration-ms="275" status="PASS">
          <reporter-output>
          </reporter-output>
        </test-method> <!-- close -->
      </class> <!-- PomRepo01.LoginTest -->
    </test> <!-- Default test -->
  </suite> <!-- Default suite -->
</testng-results>
